2021-06-29 16:14:40.773  INFO 5700 --- [main] demo.Application                         : Starting Application on DESKTOP-R727CR4 with PID 5700 (started by cf in C:\Users\cf\Desktop\编码\Java\back_end)
2021-06-29 16:14:40.781  INFO 5700 --- [main] demo.Application                         : The following profiles are active: cfdev
2021-06-29 16:14:41.952  INFO 5700 --- [main] trationDelegate$BeanPostProcessorChecker : Bean 'org.springframework.transaction.annotation.ProxyTransactionManagementConfiguration' of type [org.springframework.transaction.annotation.ProxyTransactionManagementConfiguration] is not eligible for getting processed by all BeanPostProcessors (for example: not eligible for auto-proxying)
2021-06-29 16:14:42.182  INFO 5700 --- [main] o.s.b.w.embedded.tomcat.TomcatWebServer  : Tomcat initialized with port(s): 8888 (http)
2021-06-29 16:14:42.198  INFO 5700 --- [main] o.apache.catalina.core.StandardService   : Starting service [Tomcat]
2021-06-29 16:14:42.198  INFO 5700 --- [main] org.apache.catalina.core.StandardEngine  : Starting Servlet engine: [Apache Tomcat/9.0.29]
2021-06-29 16:14:42.267  INFO 5700 --- [main] o.a.c.c.C.[Tomcat].[localhost].[/]       : Initializing Spring embedded WebApplicationContext
2021-06-29 16:14:42.267  INFO 5700 --- [main] o.s.web.context.ContextLoader            : Root WebApplicationContext: initialization completed in 1385 ms
2021-06-29 16:14:43.187  WARN 5700 --- [main] c.b.m.core.metadata.TableInfoHelper      : Warn: Could not find @TableId in Class: demo.domain.UserLikesDynamic.
2021-06-29 16:14:43.225  WARN 5700 --- [main] c.b.m.core.metadata.TableInfoHelper      : Warn: Could not find @TableId in Class: demo.domain.UserLikesGame.
2021-06-29 16:14:43.526  INFO 5700 --- [main] pertySourcedRequestMappingHandlerMapping : Mapped URL path [/v2/api-docs] onto method [springfox.documentation.swagger2.web.Swagger2Controller#getDocumentation(String, HttpServletRequest)]
2021-06-29 16:14:43.610  INFO 5700 --- [main] o.s.s.concurrent.ThreadPoolTaskExecutor  : Initializing ExecutorService 'applicationTaskExecutor'
2021-06-29 16:14:43.789  INFO 5700 --- [main] d.s.w.p.DocumentationPluginsBootstrapper : Context refreshed
2021-06-29 16:14:43.811  INFO 5700 --- [main] d.s.w.p.DocumentationPluginsBootstrapper : Found 1 custom documentation plugin(s)
2021-06-29 16:14:43.842  INFO 5700 --- [main] s.d.s.w.s.ApiListingReferenceScanner     : Scanning for api listing references
2021-06-29 16:14:44.096  INFO 5700 --- [main] o.s.b.w.embedded.tomcat.TomcatWebServer  : Tomcat started on port(s): 8888 (http) with context path ''
2021-06-29 16:14:44.096  INFO 5700 --- [main] demo.Application                         : Started Application in 4.167 seconds (JVM running for 5.934)
2021-06-29 16:18:01.743  INFO 2724 --- [main] demo.Application                         : Starting Application on DESKTOP-R727CR4 with PID 2724 (started by cf in C:\Users\cf\Desktop\编码\Java\back_end)
2021-06-29 16:18:01.759  INFO 2724 --- [main] demo.Application                         : The following profiles are active: cfdev
2021-06-29 16:18:03.326  INFO 2724 --- [main] trationDelegate$BeanPostProcessorChecker : Bean 'org.springframework.transaction.annotation.ProxyTransactionManagementConfiguration' of type [org.springframework.transaction.annotation.ProxyTransactionManagementConfiguration] is not eligible for getting processed by all BeanPostProcessors (for example: not eligible for auto-proxying)
2021-06-29 16:18:03.634  INFO 2724 --- [main] o.s.b.w.embedded.tomcat.TomcatWebServer  : Tomcat initialized with port(s): 8888 (http)
2021-06-29 16:18:03.643  INFO 2724 --- [main] o.apache.catalina.core.StandardService   : Starting service [Tomcat]
2021-06-29 16:18:03.643  INFO 2724 --- [main] org.apache.catalina.core.StandardEngine  : Starting Servlet engine: [Apache Tomcat/9.0.29]
2021-06-29 16:18:03.727  INFO 2724 --- [main] o.a.c.c.C.[Tomcat].[localhost].[/]       : Initializing Spring embedded WebApplicationContext
2021-06-29 16:18:03.727  INFO 2724 --- [main] o.s.web.context.ContextLoader            : Root WebApplicationContext: initialization completed in 1873 ms
2021-06-29 16:18:04.675  WARN 2724 --- [main] c.b.m.core.metadata.TableInfoHelper      : Warn: Could not find @TableId in Class: demo.domain.UserLikesDynamic.
2021-06-29 16:18:04.718  WARN 2724 --- [main] c.b.m.core.metadata.TableInfoHelper      : Warn: Could not find @TableId in Class: demo.domain.UserLikesGame.
2021-06-29 16:18:05.079  INFO 2724 --- [main] pertySourcedRequestMappingHandlerMapping : Mapped URL path [/v2/api-docs] onto method [springfox.documentation.swagger2.web.Swagger2Controller#getDocumentation(String, HttpServletRequest)]
2021-06-29 16:18:05.171  INFO 2724 --- [main] o.s.s.concurrent.ThreadPoolTaskExecutor  : Initializing ExecutorService 'applicationTaskExecutor'
2021-06-29 16:18:05.343  INFO 2724 --- [main] d.s.w.p.DocumentationPluginsBootstrapper : Context refreshed
2021-06-29 16:18:05.362  INFO 2724 --- [main] d.s.w.p.DocumentationPluginsBootstrapper : Found 1 custom documentation plugin(s)
2021-06-29 16:18:05.391  INFO 2724 --- [main] s.d.s.w.s.ApiListingReferenceScanner     : Scanning for api listing references
2021-06-29 16:18:05.620  INFO 2724 --- [main] o.s.b.w.embedded.tomcat.TomcatWebServer  : Tomcat started on port(s): 8888 (http) with context path ''
2021-06-29 16:18:05.623  INFO 2724 --- [main] demo.Application                         : Started Application in 4.554 seconds (JVM running for 5.423)
2021-06-29 16:18:22.503  INFO 2724 --- [http-nio-8888-exec-1] o.a.c.c.C.[Tomcat].[localhost].[/]       : Initializing Spring DispatcherServlet 'dispatcherServlet'
2021-06-29 16:18:22.503  INFO 2724 --- [http-nio-8888-exec-1] o.s.web.servlet.DispatcherServlet        : Initializing Servlet 'dispatcherServlet'
2021-06-29 16:18:22.511  INFO 2724 --- [http-nio-8888-exec-1] o.s.web.servlet.DispatcherServlet        : Completed initialization in 7 ms
2021-06-29 16:18:30.681  INFO 2724 --- [http-nio-8888-exec-10] demo.utils.ControllerLogger              : ===========================================
2021-06-29 16:18:30.681  INFO 2724 --- [http-nio-8888-exec-10] demo.utils.ControllerLogger              : URI : /createDynamic
2021-06-29 16:18:30.682  INFO 2724 --- [http-nio-8888-exec-10] demo.utils.ControllerLogger              : HTTP_METHOD : POST
2021-06-29 16:18:30.682  INFO 2724 --- [http-nio-8888-exec-10] demo.utils.ControllerLogger              : IP : 0:0:0:0:0:0:0:1
2021-06-29 16:18:30.684  INFO 2724 --- [http-nio-8888-exec-10] demo.utils.ControllerLogger              : CLASS_METHOD : demo.controller.DynamicController.createDynamic
2021-06-29 16:18:30.684  INFO 2724 --- [http-nio-8888-exec-10] demo.utils.ControllerLogger              : ARGS : [DynamicVO(gameId=string, content=string, imgUrls=string, title=string), org.apache.catalina.connector.RequestFacade@43205891]
2021-06-29 16:18:30.694 ERROR 2724 --- [http-nio-8888-exec-10] demo.exception.GlobalExceptionHandler    : null
2021-06-29 16:19:29.564  INFO 2724 --- [http-nio-8888-exec-8] demo.utils.ControllerLogger              : ===========================================
2021-06-29 16:19:29.564  INFO 2724 --- [http-nio-8888-exec-8] demo.utils.ControllerLogger              : URI : /createDynamic
2021-06-29 16:19:29.565  INFO 2724 --- [http-nio-8888-exec-8] demo.utils.ControllerLogger              : HTTP_METHOD : POST
2021-06-29 16:19:29.565  INFO 2724 --- [http-nio-8888-exec-8] demo.utils.ControllerLogger              : IP : 0:0:0:0:0:0:0:1
2021-06-29 16:19:29.565  INFO 2724 --- [http-nio-8888-exec-8] demo.utils.ControllerLogger              : CLASS_METHOD : demo.controller.DynamicController.createDynamic
2021-06-29 16:19:29.565  INFO 2724 --- [http-nio-8888-exec-8] demo.utils.ControllerLogger              : ARGS : [DynamicVO(gameId=string, content=string, imgUrls=string, title=string), org.apache.catalina.connector.RequestFacade@43205891]
2021-06-29 16:19:29.565 ERROR 2724 --- [http-nio-8888-exec-8] demo.exception.GlobalExceptionHandler    : null
2021-06-29 16:22:21.604  INFO 15148 --- [main] demo.Application                         : Starting Application on DESKTOP-R727CR4 with PID 15148 (started by cf in C:\Users\cf\Desktop\编码\Java\back_end)
2021-06-29 16:22:21.619  INFO 15148 --- [main] demo.Application                         : The following profiles are active: cfdev
2021-06-29 16:22:22.650  INFO 15148 --- [main] trationDelegate$BeanPostProcessorChecker : Bean 'org.springframework.transaction.annotation.ProxyTransactionManagementConfiguration' of type [org.springframework.transaction.annotation.ProxyTransactionManagementConfiguration] is not eligible for getting processed by all BeanPostProcessors (for example: not eligible for auto-proxying)
2021-06-29 16:22:22.885  INFO 15148 --- [main] o.s.b.w.embedded.tomcat.TomcatWebServer  : Tomcat initialized with port(s): 8888 (http)
2021-06-29 16:22:22.900  INFO 15148 --- [main] o.apache.catalina.core.StandardService   : Starting service [Tomcat]
2021-06-29 16:22:22.900  INFO 15148 --- [main] org.apache.catalina.core.StandardEngine  : Starting Servlet engine: [Apache Tomcat/9.0.29]
2021-06-29 16:22:22.963  INFO 15148 --- [main] o.a.c.c.C.[Tomcat].[localhost].[/]       : Initializing Spring embedded WebApplicationContext
2021-06-29 16:22:22.963  INFO 15148 --- [main] o.s.web.context.ContextLoader            : Root WebApplicationContext: initialization completed in 1297 ms
2021-06-29 16:22:23.759  WARN 15148 --- [main] c.b.m.core.metadata.TableInfoHelper      : Warn: Could not find @TableId in Class: demo.domain.UserLikesDynamic.
2021-06-29 16:22:23.806  WARN 15148 --- [main] c.b.m.core.metadata.TableInfoHelper      : Warn: Could not find @TableId in Class: demo.domain.UserLikesGame.
2021-06-29 16:22:24.072  INFO 15148 --- [main] pertySourcedRequestMappingHandlerMapping : Mapped URL path [/v2/api-docs] onto method [springfox.documentation.swagger2.web.Swagger2Controller#getDocumentation(String, HttpServletRequest)]
2021-06-29 16:22:24.150  INFO 15148 --- [main] o.s.s.concurrent.ThreadPoolTaskExecutor  : Initializing ExecutorService 'applicationTaskExecutor'
2021-06-29 16:22:24.291  INFO 15148 --- [main] d.s.w.p.DocumentationPluginsBootstrapper : Context refreshed
2021-06-29 16:22:24.306  INFO 15148 --- [main] d.s.w.p.DocumentationPluginsBootstrapper : Found 1 custom documentation plugin(s)
2021-06-29 16:22:24.337  INFO 15148 --- [main] s.d.s.w.s.ApiListingReferenceScanner     : Scanning for api listing references
2021-06-29 16:22:24.540  INFO 15148 --- [main] o.s.b.w.embedded.tomcat.TomcatWebServer  : Tomcat started on port(s): 8888 (http) with context path ''
2021-06-29 16:22:24.540  INFO 15148 --- [main] demo.Application                         : Started Application in 3.317 seconds (JVM running for 4.064)
2021-06-29 16:22:40.963  INFO 15148 --- [http-nio-8888-exec-1] o.a.c.c.C.[Tomcat].[localhost].[/]       : Initializing Spring DispatcherServlet 'dispatcherServlet'
2021-06-29 16:22:40.963  INFO 15148 --- [http-nio-8888-exec-1] o.s.web.servlet.DispatcherServlet        : Initializing Servlet 'dispatcherServlet'
2021-06-29 16:22:40.969  INFO 15148 --- [http-nio-8888-exec-1] o.s.web.servlet.DispatcherServlet        : Completed initialization in 6 ms
2021-06-29 16:22:40.990  INFO 15148 --- [http-nio-8888-exec-1] demo.utils.ControllerLogger              : ===========================================
2021-06-29 16:22:40.990  INFO 15148 --- [http-nio-8888-exec-1] demo.utils.ControllerLogger              : URI : /userLogin
2021-06-29 16:22:40.990  INFO 15148 --- [http-nio-8888-exec-1] demo.utils.ControllerLogger              : HTTP_METHOD : POST
2021-06-29 16:22:40.990  INFO 15148 --- [http-nio-8888-exec-1] demo.utils.ControllerLogger              : IP : 0:0:0:0:0:0:0:1
2021-06-29 16:22:40.991  INFO 15148 --- [http-nio-8888-exec-1] demo.utils.ControllerLogger              : CLASS_METHOD : demo.controller.UserController.userLogin
2021-06-29 16:22:40.992  INFO 15148 --- [http-nio-8888-exec-1] demo.utils.ControllerLogger              : ARGS : [cf, 123, org.apache.catalina.connector.RequestFacade@5f217f97]
2021-06-29 16:22:41.030  INFO 15148 --- [http-nio-8888-exec-1] com.zaxxer.hikari.HikariDataSource       : HikariPool-1 - Starting...
2021-06-29 16:22:41.638  INFO 15148 --- [http-nio-8888-exec-1] com.zaxxer.hikari.HikariDataSource       : HikariPool-1 - Start completed.
2021-06-29 16:22:47.626  INFO 15148 --- [http-nio-8888-exec-7] demo.utils.ControllerLogger              : ===========================================
2021-06-29 16:22:47.627  INFO 15148 --- [http-nio-8888-exec-7] demo.utils.ControllerLogger              : URI : /createDynamic
2021-06-29 16:22:47.627  INFO 15148 --- [http-nio-8888-exec-7] demo.utils.ControllerLogger              : HTTP_METHOD : POST
2021-06-29 16:22:47.627  INFO 15148 --- [http-nio-8888-exec-7] demo.utils.ControllerLogger              : IP : 0:0:0:0:0:0:0:1
2021-06-29 16:22:47.627  INFO 15148 --- [http-nio-8888-exec-7] demo.utils.ControllerLogger              : CLASS_METHOD : demo.controller.DynamicController.createDynamic
2021-06-29 16:22:47.627  INFO 15148 --- [http-nio-8888-exec-7] demo.utils.ControllerLogger              : ARGS : [DynamicVO(gameId=string, content=string, imgUrls=string, title=string), org.apache.catalina.connector.RequestFacade@5f217f97]
2021-06-29 16:25:14.488  INFO 13664 --- [main] demo.Application                         : Starting Application on DESKTOP-R727CR4 with PID 13664 (started by cf in C:\Users\cf\Desktop\编码\Java\back_end)
2021-06-29 16:25:14.488  INFO 13664 --- [main] demo.Application                         : The following profiles are active: cfdev
2021-06-29 16:25:15.613  INFO 13664 --- [main] trationDelegate$BeanPostProcessorChecker : Bean 'org.springframework.transaction.annotation.ProxyTransactionManagementConfiguration' of type [org.springframework.transaction.annotation.ProxyTransactionManagementConfiguration] is not eligible for getting processed by all BeanPostProcessors (for example: not eligible for auto-proxying)
2021-06-29 16:25:15.848  INFO 13664 --- [main] o.s.b.w.embedded.tomcat.TomcatWebServer  : Tomcat initialized with port(s): 8888 (http)
2021-06-29 16:25:15.863  INFO 13664 --- [main] o.apache.catalina.core.StandardService   : Starting service [Tomcat]
2021-06-29 16:25:15.863  INFO 13664 --- [main] org.apache.catalina.core.StandardEngine  : Starting Servlet engine: [Apache Tomcat/9.0.29]
2021-06-29 16:25:15.926  INFO 13664 --- [main] o.a.c.c.C.[Tomcat].[localhost].[/]       : Initializing Spring embedded WebApplicationContext
2021-06-29 16:25:15.926  INFO 13664 --- [main] o.s.web.context.ContextLoader            : Root WebApplicationContext: initialization completed in 1375 ms
2021-06-29 16:25:16.787  WARN 13664 --- [main] c.b.m.core.metadata.TableInfoHelper      : Warn: Could not find @TableId in Class: demo.domain.UserLikesDynamic.
2021-06-29 16:25:16.846  WARN 13664 --- [main] c.b.m.core.metadata.TableInfoHelper      : Warn: Could not find @TableId in Class: demo.domain.UserLikesGame.
2021-06-29 16:25:17.133  INFO 13664 --- [main] pertySourcedRequestMappingHandlerMapping : Mapped URL path [/v2/api-docs] onto method [springfox.documentation.swagger2.web.Swagger2Controller#getDocumentation(String, HttpServletRequest)]
2021-06-29 16:25:17.227  INFO 13664 --- [main] o.s.s.concurrent.ThreadPoolTaskExecutor  : Initializing ExecutorService 'applicationTaskExecutor'
2021-06-29 16:25:17.411  INFO 13664 --- [main] d.s.w.p.DocumentationPluginsBootstrapper : Context refreshed
2021-06-29 16:25:17.425  INFO 13664 --- [main] d.s.w.p.DocumentationPluginsBootstrapper : Found 1 custom documentation plugin(s)
2021-06-29 16:25:17.439  INFO 13664 --- [main] s.d.s.w.s.ApiListingReferenceScanner     : Scanning for api listing references
2021-06-29 16:25:17.677  INFO 13664 --- [main] o.s.b.w.embedded.tomcat.TomcatWebServer  : Tomcat started on port(s): 8888 (http) with context path ''
2021-06-29 16:25:17.680  INFO 13664 --- [main] demo.Application                         : Started Application in 3.532 seconds (JVM running for 4.281)
2021-06-29 16:25:26.199  INFO 13664 --- [http-nio-8888-exec-1] o.a.c.c.C.[Tomcat].[localhost].[/]       : Initializing Spring DispatcherServlet 'dispatcherServlet'
2021-06-29 16:25:26.200  INFO 13664 --- [http-nio-8888-exec-1] o.s.web.servlet.DispatcherServlet        : Initializing Servlet 'dispatcherServlet'
2021-06-29 16:25:26.205  INFO 13664 --- [http-nio-8888-exec-1] o.s.web.servlet.DispatcherServlet        : Completed initialization in 5 ms
2021-06-29 16:25:26.230  INFO 13664 --- [http-nio-8888-exec-1] demo.utils.ControllerLogger              : ===========================================
2021-06-29 16:25:26.230  INFO 13664 --- [http-nio-8888-exec-1] demo.utils.ControllerLogger              : URI : /userLogin
2021-06-29 16:25:26.230  INFO 13664 --- [http-nio-8888-exec-1] demo.utils.ControllerLogger              : HTTP_METHOD : POST
2021-06-29 16:25:26.230  INFO 13664 --- [http-nio-8888-exec-1] demo.utils.ControllerLogger              : IP : 0:0:0:0:0:0:0:1
2021-06-29 16:25:26.232  INFO 13664 --- [http-nio-8888-exec-1] demo.utils.ControllerLogger              : CLASS_METHOD : demo.controller.UserController.userLogin
2021-06-29 16:25:26.232  INFO 13664 --- [http-nio-8888-exec-1] demo.utils.ControllerLogger              : ARGS : [cf, 123, org.apache.catalina.connector.RequestFacade@5e99d62]
2021-06-29 16:25:26.250  INFO 13664 --- [http-nio-8888-exec-1] com.zaxxer.hikari.HikariDataSource       : HikariPool-1 - Starting...
2021-06-29 16:25:26.780  INFO 13664 --- [http-nio-8888-exec-1] com.zaxxer.hikari.HikariDataSource       : HikariPool-1 - Start completed.
2021-06-29 16:25:33.479  INFO 13664 --- [http-nio-8888-exec-2] demo.utils.ControllerLogger              : ===========================================
2021-06-29 16:25:33.480  INFO 13664 --- [http-nio-8888-exec-2] demo.utils.ControllerLogger              : URI : /getAllDynamic
2021-06-29 16:25:33.480  INFO 13664 --- [http-nio-8888-exec-2] demo.utils.ControllerLogger              : HTTP_METHOD : GET
2021-06-29 16:25:33.480  INFO 13664 --- [http-nio-8888-exec-2] demo.utils.ControllerLogger              : IP : 0:0:0:0:0:0:0:1
2021-06-29 16:25:33.480  INFO 13664 --- [http-nio-8888-exec-2] demo.utils.ControllerLogger              : CLASS_METHOD : demo.controller.DynamicController.getAllDynamic
2021-06-29 16:25:33.480  INFO 13664 --- [http-nio-8888-exec-2] demo.utils.ControllerLogger              : ARGS : []
2021-06-29 16:38:25.675  INFO 736 --- [main] demo.Application                         : Starting Application on DESKTOP-R727CR4 with PID 736 (started by cf in C:\Users\cf\Desktop\编码\Java\back_end)
2021-06-29 16:38:25.691  INFO 736 --- [main] demo.Application                         : The following profiles are active: cfdev
2021-06-29 16:38:26.706  INFO 736 --- [main] trationDelegate$BeanPostProcessorChecker : Bean 'org.springframework.transaction.annotation.ProxyTransactionManagementConfiguration' of type [org.springframework.transaction.annotation.ProxyTransactionManagementConfiguration] is not eligible for getting processed by all BeanPostProcessors (for example: not eligible for auto-proxying)
2021-06-29 16:38:26.941  INFO 736 --- [main] o.s.b.w.embedded.tomcat.TomcatWebServer  : Tomcat initialized with port(s): 8888 (http)
2021-06-29 16:38:26.956  INFO 736 --- [main] o.apache.catalina.core.StandardService   : Starting service [Tomcat]
2021-06-29 16:38:26.956  INFO 736 --- [main] org.apache.catalina.core.StandardEngine  : Starting Servlet engine: [Apache Tomcat/9.0.29]
2021-06-29 16:38:27.019  INFO 736 --- [main] o.a.c.c.C.[Tomcat].[localhost].[/]       : Initializing Spring embedded WebApplicationContext
2021-06-29 16:38:27.019  INFO 736 --- [main] o.s.web.context.ContextLoader            : Root WebApplicationContext: initialization completed in 1281 ms
2021-06-29 16:38:27.847  WARN 736 --- [main] c.b.m.core.metadata.TableInfoHelper      : Warn: Could not find @TableId in Class: demo.domain.UserLikesDynamic.
2021-06-29 16:38:27.878  WARN 736 --- [main] c.b.m.core.metadata.TableInfoHelper      : Warn: Could not find @TableId in Class: demo.domain.UserLikesGame.
2021-06-29 16:38:28.143  INFO 736 --- [main] pertySourcedRequestMappingHandlerMapping : Mapped URL path [/v2/api-docs] onto method [springfox.documentation.swagger2.web.Swagger2Controller#getDocumentation(String, HttpServletRequest)]
2021-06-29 16:38:28.222  INFO 736 --- [main] o.s.s.concurrent.ThreadPoolTaskExecutor  : Initializing ExecutorService 'applicationTaskExecutor'
2021-06-29 16:38:28.362  INFO 736 --- [main] d.s.w.p.DocumentationPluginsBootstrapper : Context refreshed
2021-06-29 16:38:28.378  INFO 736 --- [main] d.s.w.p.DocumentationPluginsBootstrapper : Found 1 custom documentation plugin(s)
2021-06-29 16:38:28.393  INFO 736 --- [main] s.d.s.w.s.ApiListingReferenceScanner     : Scanning for api listing references
2021-06-29 16:38:28.612  INFO 736 --- [main] o.s.b.w.embedded.tomcat.TomcatWebServer  : Tomcat started on port(s): 8888 (http) with context path ''
2021-06-29 16:38:28.612  INFO 736 --- [main] demo.Application                         : Started Application in 3.332 seconds (JVM running for 4.223)
2021-06-29 16:38:35.015  INFO 736 --- [http-nio-8888-exec-1] o.a.c.c.C.[Tomcat].[localhost].[/]       : Initializing Spring DispatcherServlet 'dispatcherServlet'
2021-06-29 16:38:35.015  INFO 736 --- [http-nio-8888-exec-1] o.s.web.servlet.DispatcherServlet        : Initializing Servlet 'dispatcherServlet'
2021-06-29 16:38:35.022  INFO 736 --- [http-nio-8888-exec-1] o.s.web.servlet.DispatcherServlet        : Completed initialization in 7 ms
2021-06-29 16:38:55.629  INFO 736 --- [http-nio-8888-exec-1] demo.utils.ControllerLogger              : ===========================================
2021-06-29 16:38:55.630  INFO 736 --- [http-nio-8888-exec-1] demo.utils.ControllerLogger              : URI : /userLogin
2021-06-29 16:38:55.630  INFO 736 --- [http-nio-8888-exec-1] demo.utils.ControllerLogger              : HTTP_METHOD : POST
2021-06-29 16:38:55.630  INFO 736 --- [http-nio-8888-exec-1] demo.utils.ControllerLogger              : IP : 0:0:0:0:0:0:0:1
2021-06-29 16:38:55.633  INFO 736 --- [http-nio-8888-exec-1] demo.utils.ControllerLogger              : CLASS_METHOD : demo.controller.UserController.userLogin
2021-06-29 16:38:55.633  INFO 736 --- [http-nio-8888-exec-1] demo.utils.ControllerLogger              : ARGS : [cf, 123, org.apache.catalina.connector.RequestFacade@5d0bdfa9]
2021-06-29 16:38:55.653  INFO 736 --- [http-nio-8888-exec-1] com.zaxxer.hikari.HikariDataSource       : HikariPool-1 - Starting...
2021-06-29 16:38:56.159  INFO 736 --- [http-nio-8888-exec-1] com.zaxxer.hikari.HikariDataSource       : HikariPool-1 - Start completed.
2021-06-29 16:39:10.118  INFO 736 --- [http-nio-8888-exec-2] demo.utils.ControllerLogger              : ===========================================
2021-06-29 16:39:10.118  INFO 736 --- [http-nio-8888-exec-2] demo.utils.ControllerLogger              : URI : /getAllDynamic
2021-06-29 16:39:10.119  INFO 736 --- [http-nio-8888-exec-2] demo.utils.ControllerLogger              : HTTP_METHOD : GET
2021-06-29 16:39:10.119  INFO 736 --- [http-nio-8888-exec-2] demo.utils.ControllerLogger              : IP : 0:0:0:0:0:0:0:1
2021-06-29 16:39:10.119  INFO 736 --- [http-nio-8888-exec-2] demo.utils.ControllerLogger              : CLASS_METHOD : demo.controller.DynamicController.getAllDynamic
2021-06-29 16:39:10.119  INFO 736 --- [http-nio-8888-exec-2] demo.utils.ControllerLogger              : ARGS : []
2021-06-29 16:39:51.534  INFO 10616 --- [main] demo.Application                         : Starting Application on DESKTOP-R727CR4 with PID 10616 (started by cf in C:\Users\cf\Desktop\编码\Java\back_end)
2021-06-29 16:39:51.534  INFO 10616 --- [main] demo.Application                         : The following profiles are active: cfdev
2021-06-29 16:39:52.581  INFO 10616 --- [main] trationDelegate$BeanPostProcessorChecker : Bean 'org.springframework.transaction.annotation.ProxyTransactionManagementConfiguration' of type [org.springframework.transaction.annotation.ProxyTransactionManagementConfiguration] is not eligible for getting processed by all BeanPostProcessors (for example: not eligible for auto-proxying)
2021-06-29 16:39:52.815  INFO 10616 --- [main] o.s.b.w.embedded.tomcat.TomcatWebServer  : Tomcat initialized with port(s): 8888 (http)
2021-06-29 16:39:52.831  INFO 10616 --- [main] o.apache.catalina.core.StandardService   : Starting service [Tomcat]
2021-06-29 16:39:52.831  INFO 10616 --- [main] org.apache.catalina.core.StandardEngine  : Starting Servlet engine: [Apache Tomcat/9.0.29]
2021-06-29 16:39:52.894  INFO 10616 --- [main] o.a.c.c.C.[Tomcat].[localhost].[/]       : Initializing Spring embedded WebApplicationContext
2021-06-29 16:39:52.894  INFO 10616 --- [main] o.s.web.context.ContextLoader            : Root WebApplicationContext: initialization completed in 1297 ms
2021-06-29 16:39:53.721  WARN 10616 --- [main] c.b.m.core.metadata.TableInfoHelper      : Warn: Could not find @TableId in Class: demo.domain.UserLikesDynamic.
2021-06-29 16:39:53.753  WARN 10616 --- [main] c.b.m.core.metadata.TableInfoHelper      : Warn: Could not find @TableId in Class: demo.domain.UserLikesGame.
2021-06-29 16:39:54.018  INFO 10616 --- [main] pertySourcedRequestMappingHandlerMapping : Mapped URL path [/v2/api-docs] onto method [springfox.documentation.swagger2.web.Swagger2Controller#getDocumentation(String, HttpServletRequest)]
2021-06-29 16:39:54.112  INFO 10616 --- [main] o.s.s.concurrent.ThreadPoolTaskExecutor  : Initializing ExecutorService 'applicationTaskExecutor'
2021-06-29 16:39:54.253  INFO 10616 --- [main] d.s.w.p.DocumentationPluginsBootstrapper : Context refreshed
2021-06-29 16:39:54.253  INFO 10616 --- [main] d.s.w.p.DocumentationPluginsBootstrapper : Found 1 custom documentation plugin(s)
2021-06-29 16:39:54.284  INFO 10616 --- [main] s.d.s.w.s.ApiListingReferenceScanner     : Scanning for api listing references
2021-06-29 16:39:54.503  INFO 10616 --- [main] o.s.b.w.embedded.tomcat.TomcatWebServer  : Tomcat started on port(s): 8888 (http) with context path ''
2021-06-29 16:39:54.503  INFO 10616 --- [main] demo.Application                         : Started Application in 3.325 seconds (JVM running for 4.14)
2021-06-29 16:39:57.878  INFO 10616 --- [http-nio-8888-exec-1] o.a.c.c.C.[Tomcat].[localhost].[/]       : Initializing Spring DispatcherServlet 'dispatcherServlet'
2021-06-29 16:39:57.878  INFO 10616 --- [http-nio-8888-exec-1] o.s.web.servlet.DispatcherServlet        : Initializing Servlet 'dispatcherServlet'
2021-06-29 16:39:57.883  INFO 10616 --- [http-nio-8888-exec-1] o.s.web.servlet.DispatcherServlet        : Completed initialization in 5 ms
2021-06-29 16:40:08.085  INFO 10616 --- [http-nio-8888-exec-1] demo.utils.ControllerLogger              : ===========================================
2021-06-29 16:40:08.085  INFO 10616 --- [http-nio-8888-exec-1] demo.utils.ControllerLogger              : URI : /userLogin
2021-06-29 16:40:08.087  INFO 10616 --- [http-nio-8888-exec-1] demo.utils.ControllerLogger              : HTTP_METHOD : POST
2021-06-29 16:40:08.087  INFO 10616 --- [http-nio-8888-exec-1] demo.utils.ControllerLogger              : IP : 0:0:0:0:0:0:0:1
2021-06-29 16:40:08.089  INFO 10616 --- [http-nio-8888-exec-1] demo.utils.ControllerLogger              : CLASS_METHOD : demo.controller.UserController.userLogin
2021-06-29 16:40:08.089  INFO 10616 --- [http-nio-8888-exec-1] demo.utils.ControllerLogger              : ARGS : [cf, 123, org.apache.catalina.connector.RequestFacade@70fc471c]
2021-06-29 16:40:08.110  INFO 10616 --- [http-nio-8888-exec-1] com.zaxxer.hikari.HikariDataSource       : HikariPool-1 - Starting...
2021-06-29 16:40:08.613  INFO 10616 --- [http-nio-8888-exec-1] com.zaxxer.hikari.HikariDataSource       : HikariPool-1 - Start completed.
2021-06-29 16:40:14.542  INFO 10616 --- [http-nio-8888-exec-3] demo.utils.ControllerLogger              : ===========================================
2021-06-29 16:40:14.543  INFO 10616 --- [http-nio-8888-exec-3] demo.utils.ControllerLogger              : URI : /getAllDynamic
2021-06-29 16:40:14.543  INFO 10616 --- [http-nio-8888-exec-3] demo.utils.ControllerLogger              : HTTP_METHOD : GET
2021-06-29 16:40:14.543  INFO 10616 --- [http-nio-8888-exec-3] demo.utils.ControllerLogger              : IP : 0:0:0:0:0:0:0:1
2021-06-29 16:40:14.543  INFO 10616 --- [http-nio-8888-exec-3] demo.utils.ControllerLogger              : CLASS_METHOD : demo.controller.DynamicController.getAllDynamic
2021-06-29 16:40:14.543  INFO 10616 --- [http-nio-8888-exec-3] demo.utils.ControllerLogger              : ARGS : []
2021-06-29 16:40:25.609  INFO 10616 --- [http-nio-8888-exec-7] demo.utils.ControllerLogger              : ===========================================
2021-06-29 16:40:25.609  INFO 10616 --- [http-nio-8888-exec-7] demo.utils.ControllerLogger              : URI : /getDynamicByGameId
2021-06-29 16:40:25.609  INFO 10616 --- [http-nio-8888-exec-7] demo.utils.ControllerLogger              : HTTP_METHOD : GET
2021-06-29 16:40:25.610  INFO 10616 --- [http-nio-8888-exec-7] demo.utils.ControllerLogger              : IP : 0:0:0:0:0:0:0:1
2021-06-29 16:40:25.610  INFO 10616 --- [http-nio-8888-exec-7] demo.utils.ControllerLogger              : CLASS_METHOD : demo.controller.DynamicController.findDynamicByGameId
2021-06-29 16:40:25.610  INFO 10616 --- [http-nio-8888-exec-7] demo.utils.ControllerLogger              : ARGS : [1234]
2021-06-29 16:40:41.108  INFO 10616 --- [http-nio-8888-exec-8] demo.utils.ControllerLogger              : ===========================================
2021-06-29 16:40:41.109  INFO 10616 --- [http-nio-8888-exec-8] demo.utils.ControllerLogger              : URI : /getUserDynamic
2021-06-29 16:40:41.109  INFO 10616 --- [http-nio-8888-exec-8] demo.utils.ControllerLogger              : HTTP_METHOD : GET
2021-06-29 16:40:41.109  INFO 10616 --- [http-nio-8888-exec-8] demo.utils.ControllerLogger              : IP : 0:0:0:0:0:0:0:1
2021-06-29 16:40:41.109  INFO 10616 --- [http-nio-8888-exec-8] demo.utils.ControllerLogger              : CLASS_METHOD : demo.controller.DynamicController.getUserDynamic
2021-06-29 16:40:41.109  INFO 10616 --- [http-nio-8888-exec-8] demo.utils.ControllerLogger              : ARGS : [org.apache.catalina.connector.RequestFacade@70fc471c]
2021-06-29 16:41:03.306  INFO 10616 --- [http-nio-8888-exec-9] demo.utils.ControllerLogger              : ===========================================
2021-06-29 16:41:03.306  INFO 10616 --- [http-nio-8888-exec-9] demo.utils.ControllerLogger              : URI : /getUserFollow
2021-06-29 16:41:03.306  INFO 10616 --- [http-nio-8888-exec-9] demo.utils.ControllerLogger              : HTTP_METHOD : GET
2021-06-29 16:41:03.306  INFO 10616 --- [http-nio-8888-exec-9] demo.utils.ControllerLogger              : IP : 0:0:0:0:0:0:0:1
2021-06-29 16:41:03.306  INFO 10616 --- [http-nio-8888-exec-9] demo.utils.ControllerLogger              : CLASS_METHOD : demo.controller.UserController.getUserFollowGame
2021-06-29 16:41:03.307  INFO 10616 --- [http-nio-8888-exec-9] demo.utils.ControllerLogger              : ARGS : [org.apache.catalina.connector.RequestFacade@70fc471c]
2021-06-29 16:46:53.441  INFO 14144 --- [main] demo.Application                         : Starting Application on DESKTOP-R727CR4 with PID 14144 (started by cf in C:\Users\cf\Desktop\编码\Java\back_end)
2021-06-29 16:46:53.441  INFO 14144 --- [main] demo.Application                         : The following profiles are active: cfdev
2021-06-29 16:46:54.426  INFO 14144 --- [main] trationDelegate$BeanPostProcessorChecker : Bean 'org.springframework.transaction.annotation.ProxyTransactionManagementConfiguration' of type [org.springframework.transaction.annotation.ProxyTransactionManagementConfiguration] is not eligible for getting processed by all BeanPostProcessors (for example: not eligible for auto-proxying)
2021-06-29 16:46:54.660  INFO 14144 --- [main] o.s.b.w.embedded.tomcat.TomcatWebServer  : Tomcat initialized with port(s): 8888 (http)
2021-06-29 16:46:54.675  INFO 14144 --- [main] o.apache.catalina.core.StandardService   : Starting service [Tomcat]
2021-06-29 16:46:54.675  INFO 14144 --- [main] org.apache.catalina.core.StandardEngine  : Starting Servlet engine: [Apache Tomcat/9.0.29]
2021-06-29 16:46:54.738  INFO 14144 --- [main] o.a.c.c.C.[Tomcat].[localhost].[/]       : Initializing Spring embedded WebApplicationContext
2021-06-29 16:46:54.738  INFO 14144 --- [main] o.s.web.context.ContextLoader            : Root WebApplicationContext: initialization completed in 1250 ms
2021-06-29 16:46:55.582  WARN 14144 --- [main] c.b.m.core.metadata.TableInfoHelper      : Warn: Could not find @TableId in Class: demo.domain.UserLikesDynamic.
2021-06-29 16:46:55.597  WARN 14144 --- [main] c.b.m.core.metadata.TableInfoHelper      : Warn: Could not find @TableId in Class: demo.domain.UserLikesGame.
2021-06-29 16:46:55.863  INFO 14144 --- [main] pertySourcedRequestMappingHandlerMapping : Mapped URL path [/v2/api-docs] onto method [springfox.documentation.swagger2.web.Swagger2Controller#getDocumentation(String, HttpServletRequest)]
2021-06-29 16:46:55.941  INFO 14144 --- [main] o.s.s.concurrent.ThreadPoolTaskExecutor  : Initializing ExecutorService 'applicationTaskExecutor'
2021-06-29 16:46:56.113  INFO 14144 --- [main] d.s.w.p.DocumentationPluginsBootstrapper : Context refreshed
2021-06-29 16:46:56.128  INFO 14144 --- [main] d.s.w.p.DocumentationPluginsBootstrapper : Found 1 custom documentation plugin(s)
2021-06-29 16:46:56.144  INFO 14144 --- [main] s.d.s.w.s.ApiListingReferenceScanner     : Scanning for api listing references
2021-06-29 16:46:56.347  INFO 14144 --- [main] o.s.b.w.embedded.tomcat.TomcatWebServer  : Tomcat started on port(s): 8888 (http) with context path ''
2021-06-29 16:46:56.363  INFO 14144 --- [main] demo.Application                         : Started Application in 3.288 seconds (JVM running for 4.121)
2021-06-29 16:47:03.678  INFO 14144 --- [http-nio-8888-exec-1] o.a.c.c.C.[Tomcat].[localhost].[/]       : Initializing Spring DispatcherServlet 'dispatcherServlet'
2021-06-29 16:47:03.678  INFO 14144 --- [http-nio-8888-exec-1] o.s.web.servlet.DispatcherServlet        : Initializing Servlet 'dispatcherServlet'
2021-06-29 16:47:03.685  INFO 14144 --- [http-nio-8888-exec-1] o.s.web.servlet.DispatcherServlet        : Completed initialization in 7 ms
2021-06-29 16:47:16.745  INFO 14144 --- [http-nio-8888-exec-9] demo.utils.ControllerLogger              : ===========================================
2021-06-29 16:47:16.746  INFO 14144 --- [http-nio-8888-exec-9] demo.utils.ControllerLogger              : URI : /getDynamicById
2021-06-29 16:47:16.746  INFO 14144 --- [http-nio-8888-exec-9] demo.utils.ControllerLogger              : HTTP_METHOD : GET
2021-06-29 16:47:16.746  INFO 14144 --- [http-nio-8888-exec-9] demo.utils.ControllerLogger              : IP : 0:0:0:0:0:0:0:1
2021-06-29 16:47:16.749  INFO 14144 --- [http-nio-8888-exec-9] demo.utils.ControllerLogger              : CLASS_METHOD : demo.controller.DynamicController.getDynamicById
2021-06-29 16:47:16.750  INFO 14144 --- [http-nio-8888-exec-9] demo.utils.ControllerLogger              : ARGS : [123]
2021-06-29 16:47:16.805  INFO 14144 --- [http-nio-8888-exec-9] com.zaxxer.hikari.HikariDataSource       : HikariPool-1 - Starting...
2021-06-29 16:47:17.341  INFO 14144 --- [http-nio-8888-exec-9] com.zaxxer.hikari.HikariDataSource       : HikariPool-1 - Start completed.
2021-06-29 16:54:46.481  INFO 7908 --- [main] demo.Application                         : Starting Application on DESKTOP-R727CR4 with PID 7908 (started by cf in C:\Users\cf\Desktop\编码\Java\back_end)
2021-06-29 16:54:46.481  INFO 7908 --- [main] demo.Application                         : The following profiles are active: cfdev
2021-06-29 16:54:47.602  INFO 7908 --- [main] trationDelegate$BeanPostProcessorChecker : Bean 'org.springframework.transaction.annotation.ProxyTransactionManagementConfiguration' of type [org.springframework.transaction.annotation.ProxyTransactionManagementConfiguration] is not eligible for getting processed by all BeanPostProcessors (for example: not eligible for auto-proxying)
2021-06-29 16:54:47.852  INFO 7908 --- [main] o.s.b.w.embedded.tomcat.TomcatWebServer  : Tomcat initialized with port(s): 8888 (http)
2021-06-29 16:54:47.860  INFO 7908 --- [main] o.apache.catalina.core.StandardService   : Starting service [Tomcat]
2021-06-29 16:54:47.860  INFO 7908 --- [main] org.apache.catalina.core.StandardEngine  : Starting Servlet engine: [Apache Tomcat/9.0.29]
2021-06-29 16:54:47.931  INFO 7908 --- [main] o.a.c.c.C.[Tomcat].[localhost].[/]       : Initializing Spring embedded WebApplicationContext
2021-06-29 16:54:47.931  INFO 7908 --- [main] o.s.web.context.ContextLoader            : Root WebApplicationContext: initialization completed in 1400 ms
2021-06-29 16:54:48.780  WARN 7908 --- [main] c.b.m.core.metadata.TableInfoHelper      : Warn: Could not find @TableId in Class: demo.domain.UserLikesDynamic.
2021-06-29 16:54:48.812  WARN 7908 --- [main] c.b.m.core.metadata.TableInfoHelper      : Warn: Could not find @TableId in Class: demo.domain.UserLikesGame.
2021-06-29 16:54:49.077  INFO 7908 --- [main] pertySourcedRequestMappingHandlerMapping : Mapped URL path [/v2/api-docs] onto method [springfox.documentation.swagger2.web.Swagger2Controller#getDocumentation(String, HttpServletRequest)]
2021-06-29 16:54:49.155  INFO 7908 --- [main] o.s.s.concurrent.ThreadPoolTaskExecutor  : Initializing ExecutorService 'applicationTaskExecutor'
2021-06-29 16:54:49.296  INFO 7908 --- [main] d.s.w.p.DocumentationPluginsBootstrapper : Context refreshed
2021-06-29 16:54:49.311  INFO 7908 --- [main] d.s.w.p.DocumentationPluginsBootstrapper : Found 1 custom documentation plugin(s)
2021-06-29 16:54:49.343  INFO 7908 --- [main] s.d.s.w.s.ApiListingReferenceScanner     : Scanning for api listing references
2021-06-29 16:54:49.546  INFO 7908 --- [main] o.s.b.w.embedded.tomcat.TomcatWebServer  : Tomcat started on port(s): 8888 (http) with context path ''
2021-06-29 16:54:49.546  INFO 7908 --- [main] demo.Application                         : Started Application in 3.551 seconds (JVM running for 4.367)
2021-06-29 16:54:59.446  INFO 7908 --- [http-nio-8888-exec-1] o.a.c.c.C.[Tomcat].[localhost].[/]       : Initializing Spring DispatcherServlet 'dispatcherServlet'
2021-06-29 16:54:59.446  INFO 7908 --- [http-nio-8888-exec-1] o.s.web.servlet.DispatcherServlet        : Initializing Servlet 'dispatcherServlet'
2021-06-29 16:54:59.454  INFO 7908 --- [http-nio-8888-exec-1] o.s.web.servlet.DispatcherServlet        : Completed initialization in 8 ms
2021-06-29 16:55:11.782  INFO 7908 --- [http-nio-8888-exec-9] demo.utils.ControllerLogger              : ===========================================
2021-06-29 16:55:11.783  INFO 7908 --- [http-nio-8888-exec-9] demo.utils.ControllerLogger              : URI : /userLogin
2021-06-29 16:55:11.783  INFO 7908 --- [http-nio-8888-exec-9] demo.utils.ControllerLogger              : HTTP_METHOD : POST
2021-06-29 16:55:11.783  INFO 7908 --- [http-nio-8888-exec-9] demo.utils.ControllerLogger              : IP : 0:0:0:0:0:0:0:1
2021-06-29 16:55:11.785  INFO 7908 --- [http-nio-8888-exec-9] demo.utils.ControllerLogger              : CLASS_METHOD : demo.controller.UserController.userLogin
2021-06-29 16:55:11.785  INFO 7908 --- [http-nio-8888-exec-9] demo.utils.ControllerLogger              : ARGS : [cf, 123, org.apache.catalina.connector.RequestFacade@6ec53147]
2021-06-29 16:55:11.809  INFO 7908 --- [http-nio-8888-exec-9] com.zaxxer.hikari.HikariDataSource       : HikariPool-1 - Starting...
2021-06-29 16:55:12.338  INFO 7908 --- [http-nio-8888-exec-9] com.zaxxer.hikari.HikariDataSource       : HikariPool-1 - Start completed.
2021-06-29 16:55:17.817  INFO 7908 --- [http-nio-8888-exec-10] demo.utils.ControllerLogger              : ===========================================
2021-06-29 16:55:17.817  INFO 7908 --- [http-nio-8888-exec-10] demo.utils.ControllerLogger              : URI : /getAllDynamic
2021-06-29 16:55:17.817  INFO 7908 --- [http-nio-8888-exec-10] demo.utils.ControllerLogger              : HTTP_METHOD : GET
2021-06-29 16:55:17.817  INFO 7908 --- [http-nio-8888-exec-10] demo.utils.ControllerLogger              : IP : 0:0:0:0:0:0:0:1
2021-06-29 16:55:17.817  INFO 7908 --- [http-nio-8888-exec-10] demo.utils.ControllerLogger              : CLASS_METHOD : demo.controller.DynamicController.getAllDynamic
2021-06-29 16:55:17.817  INFO 7908 --- [http-nio-8888-exec-10] demo.utils.ControllerLogger              : ARGS : []
2021-06-29 16:56:33.870  INFO 7908 --- [http-nio-8888-exec-2] demo.utils.ControllerLogger              : ===========================================
2021-06-29 16:56:33.870  INFO 7908 --- [http-nio-8888-exec-2] demo.utils.ControllerLogger              : URI : /userRegister
2021-06-29 16:56:33.871  INFO 7908 --- [http-nio-8888-exec-2] demo.utils.ControllerLogger              : HTTP_METHOD : POST
2021-06-29 16:56:33.871  INFO 7908 --- [http-nio-8888-exec-2] demo.utils.ControllerLogger              : IP : 0:0:0:0:0:0:0:1
2021-06-29 16:56:33.871  INFO 7908 --- [http-nio-8888-exec-2] demo.utils.ControllerLogger              : CLASS_METHOD : demo.controller.UserController.userRegister
2021-06-29 16:56:33.871  INFO 7908 --- [http-nio-8888-exec-2] demo.utils.ControllerLogger              : ARGS : [cf1, 123]
2021-06-29 16:56:39.169  INFO 7908 --- [http-nio-8888-exec-4] demo.utils.ControllerLogger              : ===========================================
2021-06-29 16:56:39.170  INFO 7908 --- [http-nio-8888-exec-4] demo.utils.ControllerLogger              : URI : /userLogin
2021-06-29 16:56:39.170  INFO 7908 --- [http-nio-8888-exec-4] demo.utils.ControllerLogger              : HTTP_METHOD : POST
2021-06-29 16:56:39.170  INFO 7908 --- [http-nio-8888-exec-4] demo.utils.ControllerLogger              : IP : 0:0:0:0:0:0:0:1
2021-06-29 16:56:39.170  INFO 7908 --- [http-nio-8888-exec-4] demo.utils.ControllerLogger              : CLASS_METHOD : demo.controller.UserController.userLogin
2021-06-29 16:56:39.170  INFO 7908 --- [http-nio-8888-exec-4] demo.utils.ControllerLogger              : ARGS : [cf1, 123, org.apache.catalina.connector.RequestFacade@6ec53147]
2021-06-29 16:56:44.409  INFO 7908 --- [http-nio-8888-exec-6] demo.utils.ControllerLogger              : ===========================================
2021-06-29 16:56:44.409  INFO 7908 --- [http-nio-8888-exec-6] demo.utils.ControllerLogger              : URI : /getAllDynamic
2021-06-29 16:56:44.410  INFO 7908 --- [http-nio-8888-exec-6] demo.utils.ControllerLogger              : HTTP_METHOD : GET
2021-06-29 16:56:44.410  INFO 7908 --- [http-nio-8888-exec-6] demo.utils.ControllerLogger              : IP : 0:0:0:0:0:0:0:1
2021-06-29 16:56:44.410  INFO 7908 --- [http-nio-8888-exec-6] demo.utils.ControllerLogger              : CLASS_METHOD : demo.controller.DynamicController.getAllDynamic
2021-06-29 16:56:44.410  INFO 7908 --- [http-nio-8888-exec-6] demo.utils.ControllerLogger              : ARGS : []
2021-06-29 16:56:59.434  INFO 7908 --- [http-nio-8888-exec-4] demo.utils.ControllerLogger              : ===========================================
2021-06-29 16:56:59.435  INFO 7908 --- [http-nio-8888-exec-4] demo.utils.ControllerLogger              : URI : /userLogin
2021-06-29 16:56:59.435  INFO 7908 --- [http-nio-8888-exec-4] demo.utils.ControllerLogger              : HTTP_METHOD : POST
2021-06-29 16:56:59.435  INFO 7908 --- [http-nio-8888-exec-4] demo.utils.ControllerLogger              : IP : 0:0:0:0:0:0:0:1
2021-06-29 16:56:59.436  INFO 7908 --- [http-nio-8888-exec-4] demo.utils.ControllerLogger              : CLASS_METHOD : demo.controller.UserController.userLogin
2021-06-29 16:56:59.436  INFO 7908 --- [http-nio-8888-exec-4] demo.utils.ControllerLogger              : ARGS : [cf1, 123, org.apache.catalina.connector.RequestFacade@6ec53147]
2021-06-29 16:57:08.156  INFO 7908 --- [http-nio-8888-exec-6] demo.utils.ControllerLogger              : ===========================================
2021-06-29 16:57:08.157  INFO 7908 --- [http-nio-8888-exec-6] demo.utils.ControllerLogger              : URI : /getAllDynamic
2021-06-29 16:57:08.157  INFO 7908 --- [http-nio-8888-exec-6] demo.utils.ControllerLogger              : HTTP_METHOD : GET
2021-06-29 16:57:08.157  INFO 7908 --- [http-nio-8888-exec-6] demo.utils.ControllerLogger              : IP : 0:0:0:0:0:0:0:1
2021-06-29 16:57:08.157  INFO 7908 --- [http-nio-8888-exec-6] demo.utils.ControllerLogger              : CLASS_METHOD : demo.controller.DynamicController.getAllDynamic
2021-06-29 16:57:08.157  INFO 7908 --- [http-nio-8888-exec-6] demo.utils.ControllerLogger              : ARGS : []
2021-06-29 16:57:40.223  INFO 7908 --- [http-nio-8888-exec-2] demo.utils.ControllerLogger              : ===========================================
2021-06-29 16:57:40.223  INFO 7908 --- [http-nio-8888-exec-2] demo.utils.ControllerLogger              : URI : /userLogin
2021-06-29 16:57:40.223  INFO 7908 --- [http-nio-8888-exec-2] demo.utils.ControllerLogger              : HTTP_METHOD : POST
2021-06-29 16:57:40.223  INFO 7908 --- [http-nio-8888-exec-2] demo.utils.ControllerLogger              : IP : 0:0:0:0:0:0:0:1
2021-06-29 16:57:40.224  INFO 7908 --- [http-nio-8888-exec-2] demo.utils.ControllerLogger              : CLASS_METHOD : demo.controller.UserController.userLogin
2021-06-29 16:57:40.224  INFO 7908 --- [http-nio-8888-exec-2] demo.utils.ControllerLogger              : ARGS : [cf1, 123, org.apache.catalina.connector.RequestFacade@51eb5ede]
2021-06-29 16:57:46.285  INFO 7908 --- [http-nio-8888-exec-1] demo.utils.ControllerLogger              : ===========================================
2021-06-29 16:57:46.285  INFO 7908 --- [http-nio-8888-exec-1] demo.utils.ControllerLogger              : URI : /getAllDynamic
2021-06-29 16:57:46.285  INFO 7908 --- [http-nio-8888-exec-1] demo.utils.ControllerLogger              : HTTP_METHOD : GET
2021-06-29 16:57:46.285  INFO 7908 --- [http-nio-8888-exec-1] demo.utils.ControllerLogger              : IP : 0:0:0:0:0:0:0:1
2021-06-29 16:57:46.285  INFO 7908 --- [http-nio-8888-exec-1] demo.utils.ControllerLogger              : CLASS_METHOD : demo.controller.DynamicController.getAllDynamic
2021-06-29 16:57:46.285  INFO 7908 --- [http-nio-8888-exec-1] demo.utils.ControllerLogger              : ARGS : []
2021-06-29 16:58:07.126  INFO 7908 --- [http-nio-8888-exec-2] demo.utils.ControllerLogger              : ===========================================
2021-06-29 16:58:07.127  INFO 7908 --- [http-nio-8888-exec-2] demo.utils.ControllerLogger              : URI : /userLogin
2021-06-29 16:58:07.127  INFO 7908 --- [http-nio-8888-exec-2] demo.utils.ControllerLogger              : HTTP_METHOD : POST
2021-06-29 16:58:07.127  INFO 7908 --- [http-nio-8888-exec-2] demo.utils.ControllerLogger              : IP : 0:0:0:0:0:0:0:1
2021-06-29 16:58:07.127  INFO 7908 --- [http-nio-8888-exec-2] demo.utils.ControllerLogger              : CLASS_METHOD : demo.controller.UserController.userLogin
2021-06-29 16:58:07.127  INFO 7908 --- [http-nio-8888-exec-2] demo.utils.ControllerLogger              : ARGS : [cf1, 123, org.apache.catalina.connector.RequestFacade@6ec53147]
2021-06-29 16:58:16.291  INFO 7908 --- [http-nio-8888-exec-4] demo.utils.ControllerLogger              : ===========================================
2021-06-29 16:58:16.292  INFO 7908 --- [http-nio-8888-exec-4] demo.utils.ControllerLogger              : URI : /getAllDynamic
2021-06-29 16:58:16.292  INFO 7908 --- [http-nio-8888-exec-4] demo.utils.ControllerLogger              : HTTP_METHOD : GET
2021-06-29 16:58:16.292  INFO 7908 --- [http-nio-8888-exec-4] demo.utils.ControllerLogger              : IP : 0:0:0:0:0:0:0:1
2021-06-29 16:58:16.292  INFO 7908 --- [http-nio-8888-exec-4] demo.utils.ControllerLogger              : CLASS_METHOD : demo.controller.DynamicController.getAllDynamic
2021-06-29 16:58:16.292  INFO 7908 --- [http-nio-8888-exec-4] demo.utils.ControllerLogger              : ARGS : []
2021-06-29 17:01:50.403  INFO 1536 --- [main] demo.Application                         : Starting Application on DESKTOP-R727CR4 with PID 1536 (started by cf in C:\Users\cf\Desktop\编码\Java\back_end)
2021-06-29 17:01:50.403  INFO 1536 --- [main] demo.Application                         : The following profiles are active: cfdev
2021-06-29 17:01:51.472  INFO 1536 --- [main] trationDelegate$BeanPostProcessorChecker : Bean 'org.springframework.transaction.annotation.ProxyTransactionManagementConfiguration' of type [org.springframework.transaction.annotation.ProxyTransactionManagementConfiguration] is not eligible for getting processed by all BeanPostProcessors (for example: not eligible for auto-proxying)
2021-06-29 17:01:51.738  INFO 1536 --- [main] o.s.b.w.embedded.tomcat.TomcatWebServer  : Tomcat initialized with port(s): 8888 (http)
2021-06-29 17:01:51.747  INFO 1536 --- [main] o.apache.catalina.core.StandardService   : Starting service [Tomcat]
2021-06-29 17:01:51.747  INFO 1536 --- [main] org.apache.catalina.core.StandardEngine  : Starting Servlet engine: [Apache Tomcat/9.0.29]
2021-06-29 17:01:51.821  INFO 1536 --- [main] o.a.c.c.C.[Tomcat].[localhost].[/]       : Initializing Spring embedded WebApplicationContext
2021-06-29 17:01:51.821  INFO 1536 --- [main] o.s.web.context.ContextLoader            : Root WebApplicationContext: initialization completed in 1363 ms
2021-06-29 17:01:52.692  WARN 1536 --- [main] c.b.m.core.metadata.TableInfoHelper      : Warn: Could not find @TableId in Class: demo.domain.UserLikesDynamic.
2021-06-29 17:01:52.717  WARN 1536 --- [main] c.b.m.core.metadata.TableInfoHelper      : Warn: Could not find @TableId in Class: demo.domain.UserLikesGame.
2021-06-29 17:01:53.001  INFO 1536 --- [main] pertySourcedRequestMappingHandlerMapping : Mapped URL path [/v2/api-docs] onto method [springfox.documentation.swagger2.web.Swagger2Controller#getDocumentation(String, HttpServletRequest)]
2021-06-29 17:01:53.085  INFO 1536 --- [main] o.s.s.concurrent.ThreadPoolTaskExecutor  : Initializing ExecutorService 'applicationTaskExecutor'
2021-06-29 17:01:53.229  INFO 1536 --- [main] d.s.w.p.DocumentationPluginsBootstrapper : Context refreshed
2021-06-29 17:01:53.242  INFO 1536 --- [main] d.s.w.p.DocumentationPluginsBootstrapper : Found 1 custom documentation plugin(s)
2021-06-29 17:01:53.304  INFO 1536 --- [main] s.d.s.w.s.ApiListingReferenceScanner     : Scanning for api listing references
2021-06-29 17:01:53.518  INFO 1536 --- [main] o.s.b.w.embedded.tomcat.TomcatWebServer  : Tomcat started on port(s): 8888 (http) with context path ''
2021-06-29 17:01:53.520  INFO 1536 --- [main] demo.Application                         : Started Application in 3.636 seconds (JVM running for 4.473)
2021-06-29 17:02:01.022  INFO 1536 --- [http-nio-8888-exec-1] o.a.c.c.C.[Tomcat].[localhost].[/]       : Initializing Spring DispatcherServlet 'dispatcherServlet'
2021-06-29 17:02:01.023  INFO 1536 --- [http-nio-8888-exec-1] o.s.web.servlet.DispatcherServlet        : Initializing Servlet 'dispatcherServlet'
2021-06-29 17:02:01.029  INFO 1536 --- [http-nio-8888-exec-1] o.s.web.servlet.DispatcherServlet        : Completed initialization in 6 ms
2021-06-29 17:02:09.807  INFO 1536 --- [http-nio-8888-exec-9] demo.utils.ControllerLogger              : ===========================================
2021-06-29 17:02:09.809  INFO 1536 --- [http-nio-8888-exec-9] demo.utils.ControllerLogger              : URI : /userLogin
2021-06-29 17:02:09.809  INFO 1536 --- [http-nio-8888-exec-9] demo.utils.ControllerLogger              : HTTP_METHOD : POST
2021-06-29 17:02:09.809  INFO 1536 --- [http-nio-8888-exec-9] demo.utils.ControllerLogger              : IP : 0:0:0:0:0:0:0:1
2021-06-29 17:02:09.811  INFO 1536 --- [http-nio-8888-exec-9] demo.utils.ControllerLogger              : CLASS_METHOD : demo.controller.UserController.userLogin
2021-06-29 17:02:09.811  INFO 1536 --- [http-nio-8888-exec-9] demo.utils.ControllerLogger              : ARGS : [cf1, 123, org.apache.catalina.connector.RequestFacade@51906fae]
2021-06-29 17:02:09.834  INFO 1536 --- [http-nio-8888-exec-9] com.zaxxer.hikari.HikariDataSource       : HikariPool-1 - Starting...
2021-06-29 17:02:10.346  INFO 1536 --- [http-nio-8888-exec-9] com.zaxxer.hikari.HikariDataSource       : HikariPool-1 - Start completed.
2021-06-29 17:02:17.399  INFO 1536 --- [http-nio-8888-exec-10] demo.utils.ControllerLogger              : ===========================================
2021-06-29 17:02:17.399  INFO 1536 --- [http-nio-8888-exec-10] demo.utils.ControllerLogger              : URI : /getAllDynamic
2021-06-29 17:02:17.400  INFO 1536 --- [http-nio-8888-exec-10] demo.utils.ControllerLogger              : HTTP_METHOD : GET
2021-06-29 17:02:17.400  INFO 1536 --- [http-nio-8888-exec-10] demo.utils.ControllerLogger              : IP : 0:0:0:0:0:0:0:1
2021-06-29 17:02:17.400  INFO 1536 --- [http-nio-8888-exec-10] demo.utils.ControllerLogger              : CLASS_METHOD : demo.controller.DynamicController.getAllDynamic
2021-06-29 17:02:17.400  INFO 1536 --- [http-nio-8888-exec-10] demo.utils.ControllerLogger              : ARGS : [org.apache.catalina.connector.RequestFacade@51906fae]
2021-06-29 17:02:43.863  INFO 1536 --- [http-nio-8888-exec-1] demo.utils.ControllerLogger              : ===========================================
2021-06-29 17:02:43.863  INFO 1536 --- [http-nio-8888-exec-1] demo.utils.ControllerLogger              : URI : /userLogin
2021-06-29 17:02:43.863  INFO 1536 --- [http-nio-8888-exec-1] demo.utils.ControllerLogger              : HTTP_METHOD : POST
2021-06-29 17:02:43.863  INFO 1536 --- [http-nio-8888-exec-1] demo.utils.ControllerLogger              : IP : 0:0:0:0:0:0:0:1
2021-06-29 17:02:43.863  INFO 1536 --- [http-nio-8888-exec-1] demo.utils.ControllerLogger              : CLASS_METHOD : demo.controller.UserController.userLogin
2021-06-29 17:02:43.863  INFO 1536 --- [http-nio-8888-exec-1] demo.utils.ControllerLogger              : ARGS : [cf, 123, org.apache.catalina.connector.RequestFacade@51906fae]
2021-06-29 17:02:51.341  INFO 1536 --- [http-nio-8888-exec-3] demo.utils.ControllerLogger              : ===========================================
2021-06-29 17:02:51.341  INFO 1536 --- [http-nio-8888-exec-3] demo.utils.ControllerLogger              : URI : /getAllDynamic
2021-06-29 17:02:51.341  INFO 1536 --- [http-nio-8888-exec-3] demo.utils.ControllerLogger              : HTTP_METHOD : GET
2021-06-29 17:02:51.341  INFO 1536 --- [http-nio-8888-exec-3] demo.utils.ControllerLogger              : IP : 0:0:0:0:0:0:0:1
2021-06-29 17:02:51.342  INFO 1536 --- [http-nio-8888-exec-3] demo.utils.ControllerLogger              : CLASS_METHOD : demo.controller.DynamicController.getAllDynamic
2021-06-29 17:02:51.342  INFO 1536 --- [http-nio-8888-exec-3] demo.utils.ControllerLogger              : ARGS : [org.apache.catalina.connector.RequestFacade@51906fae]
2021-06-29 18:41:45.069  INFO 1344 --- [main] demo.Application                         : Starting Application on DESKTOP-R727CR4 with PID 1344 (started by cf in C:\Users\cf\Desktop\编码\Java\back_end)
2021-06-29 18:41:45.079  INFO 1344 --- [main] demo.Application                         : The following profiles are active: cfdev
2021-06-29 18:41:46.619  INFO 1344 --- [main] trationDelegate$BeanPostProcessorChecker : Bean 'org.springframework.transaction.annotation.ProxyTransactionManagementConfiguration' of type [org.springframework.transaction.annotation.ProxyTransactionManagementConfiguration] is not eligible for getting processed by all BeanPostProcessors (for example: not eligible for auto-proxying)
2021-06-29 18:41:46.931  INFO 1344 --- [main] o.s.b.w.embedded.tomcat.TomcatWebServer  : Tomcat initialized with port(s): 8888 (http)
2021-06-29 18:41:46.931  INFO 1344 --- [main] o.apache.catalina.core.StandardService   : Starting service [Tomcat]
2021-06-29 18:41:46.931  INFO 1344 --- [main] org.apache.catalina.core.StandardEngine  : Starting Servlet engine: [Apache Tomcat/9.0.29]
2021-06-29 18:41:47.015  INFO 1344 --- [main] o.a.c.c.C.[Tomcat].[localhost].[/]       : Initializing Spring embedded WebApplicationContext
2021-06-29 18:41:47.015  INFO 1344 --- [main] o.s.web.context.ContextLoader            : Root WebApplicationContext: initialization completed in 1871 ms
2021-06-29 18:41:47.933  WARN 1344 --- [main] c.b.m.core.metadata.TableInfoHelper      : Warn: Could not find @TableId in Class: demo.domain.UserLikesDynamic.
2021-06-29 18:41:47.949  WARN 1344 --- [main] c.b.m.core.metadata.TableInfoHelper      : Warn: Could not find @TableId in Class: demo.domain.UserCollectDynamic.
2021-06-29 18:41:47.980  WARN 1344 --- [main] c.b.m.core.metadata.TableInfoHelper      : Warn: Could not find @TableId in Class: demo.domain.UserLikesGame.
2021-06-29 18:41:48.281  INFO 1344 --- [main] pertySourcedRequestMappingHandlerMapping : Mapped URL path [/v2/api-docs] onto method [springfox.documentation.swagger2.web.Swagger2Controller#getDocumentation(String, HttpServletRequest)]
2021-06-29 18:41:48.365  INFO 1344 --- [main] o.s.s.concurrent.ThreadPoolTaskExecutor  : Initializing ExecutorService 'applicationTaskExecutor'
2021-06-29 18:41:48.519  INFO 1344 --- [main] d.s.w.p.DocumentationPluginsBootstrapper : Context refreshed
2021-06-29 18:41:48.535  INFO 1344 --- [main] d.s.w.p.DocumentationPluginsBootstrapper : Found 1 custom documentation plugin(s)
2021-06-29 18:41:48.566  INFO 1344 --- [main] s.d.s.w.s.ApiListingReferenceScanner     : Scanning for api listing references
2021-06-29 18:41:48.798  INFO 1344 --- [main] o.s.b.w.embedded.tomcat.TomcatWebServer  : Tomcat started on port(s): 8888 (http) with context path ''
2021-06-29 18:41:48.813  INFO 1344 --- [main] demo.Application                         : Started Application in 4.344 seconds (JVM running for 5.568)
2021-06-29 18:42:05.418  INFO 1344 --- [http-nio-8888-exec-1] o.a.c.c.C.[Tomcat].[localhost].[/]       : Initializing Spring DispatcherServlet 'dispatcherServlet'
2021-06-29 18:42:05.418  INFO 1344 --- [http-nio-8888-exec-1] o.s.web.servlet.DispatcherServlet        : Initializing Servlet 'dispatcherServlet'
2021-06-29 18:42:05.425  INFO 1344 --- [http-nio-8888-exec-1] o.s.web.servlet.DispatcherServlet        : Completed initialization in 7 ms
2021-06-29 18:42:24.466  INFO 1344 --- [http-nio-8888-exec-2] demo.utils.ControllerLogger              : ===========================================
2021-06-29 18:42:24.466  INFO 1344 --- [http-nio-8888-exec-2] demo.utils.ControllerLogger              : URI : /userLogin
2021-06-29 18:42:24.467  INFO 1344 --- [http-nio-8888-exec-2] demo.utils.ControllerLogger              : HTTP_METHOD : POST
2021-06-29 18:42:24.467  INFO 1344 --- [http-nio-8888-exec-2] demo.utils.ControllerLogger              : IP : 0:0:0:0:0:0:0:1
2021-06-29 18:42:24.467  INFO 1344 --- [http-nio-8888-exec-2] demo.utils.ControllerLogger              : CLASS_METHOD : demo.controller.UserController.userLogin
2021-06-29 18:42:24.468  INFO 1344 --- [http-nio-8888-exec-2] demo.utils.ControllerLogger              : ARGS : [cf, 123, org.apache.catalina.connector.RequestFacade@3ea04d4f]
2021-06-29 18:42:24.495  INFO 1344 --- [http-nio-8888-exec-2] com.zaxxer.hikari.HikariDataSource       : HikariPool-1 - Starting...
2021-06-29 18:42:25.120  INFO 1344 --- [http-nio-8888-exec-2] com.zaxxer.hikari.HikariDataSource       : HikariPool-1 - Start completed.
2021-06-29 18:42:31.491  INFO 1344 --- [http-nio-8888-exec-8] demo.utils.ControllerLogger              : ===========================================
2021-06-29 18:42:31.492  INFO 1344 --- [http-nio-8888-exec-8] demo.utils.ControllerLogger              : URI : /favouritesDynamic
2021-06-29 18:42:31.492  INFO 1344 --- [http-nio-8888-exec-8] demo.utils.ControllerLogger              : HTTP_METHOD : POST
2021-06-29 18:42:31.492  INFO 1344 --- [http-nio-8888-exec-8] demo.utils.ControllerLogger              : IP : 0:0:0:0:0:0:0:1
2021-06-29 18:42:31.492  INFO 1344 --- [http-nio-8888-exec-8] demo.utils.ControllerLogger              : CLASS_METHOD : demo.controller.DynamicController.favouritesDynamic
2021-06-29 18:42:31.492  INFO 1344 --- [http-nio-8888-exec-8] demo.utils.ControllerLogger              : ARGS : [1234, org.apache.catalina.connector.RequestFacade@3ea04d4f]
2021-06-29 18:42:54.564  INFO 1344 --- [http-nio-8888-exec-9] demo.utils.ControllerLogger              : ===========================================
2021-06-29 18:42:54.564  INFO 1344 --- [http-nio-8888-exec-9] demo.utils.ControllerLogger              : URI : /cancelFavouritesDynamic
2021-06-29 18:42:54.564  INFO 1344 --- [http-nio-8888-exec-9] demo.utils.ControllerLogger              : HTTP_METHOD : POST
2021-06-29 18:42:54.564  INFO 1344 --- [http-nio-8888-exec-9] demo.utils.ControllerLogger              : IP : 0:0:0:0:0:0:0:1
2021-06-29 18:42:54.564  INFO 1344 --- [http-nio-8888-exec-9] demo.utils.ControllerLogger              : CLASS_METHOD : demo.controller.DynamicController.cancelFavouritesDynamic
2021-06-29 18:42:54.565  INFO 1344 --- [http-nio-8888-exec-9] demo.utils.ControllerLogger              : ARGS : [1234, org.apache.catalina.connector.RequestFacade@3ea04d4f]
2021-06-29 18:42:54.568 ERROR 1344 --- [http-nio-8888-exec-9] demo.exception.GlobalExceptionHandler    : 没有这条动态
2021-06-29 18:44:18.614  INFO 1344 --- [http-nio-8888-exec-3] demo.utils.ControllerLogger              : ===========================================
2021-06-29 18:44:18.615  INFO 1344 --- [http-nio-8888-exec-3] demo.utils.ControllerLogger              : URI : /favouritesDynamic
2021-06-29 18:44:18.615  INFO 1344 --- [http-nio-8888-exec-3] demo.utils.ControllerLogger              : HTTP_METHOD : POST
2021-06-29 18:44:18.615  INFO 1344 --- [http-nio-8888-exec-3] demo.utils.ControllerLogger              : IP : 0:0:0:0:0:0:0:1
2021-06-29 18:44:18.615  INFO 1344 --- [http-nio-8888-exec-3] demo.utils.ControllerLogger              : CLASS_METHOD : demo.controller.DynamicController.favouritesDynamic
2021-06-29 18:44:18.615  INFO 1344 --- [http-nio-8888-exec-3] demo.utils.ControllerLogger              : ARGS : [1234, org.apache.catalina.connector.RequestFacade@3ea04d4f]
2021-06-29 18:44:18.618 ERROR 1344 --- [http-nio-8888-exec-3] demo.exception.GlobalExceptionHandler    : 已收藏
2021-06-29 18:44:40.250  INFO 1344 --- [http-nio-8888-exec-4] demo.utils.ControllerLogger              : ===========================================
2021-06-29 18:44:40.250  INFO 1344 --- [http-nio-8888-exec-4] demo.utils.ControllerLogger              : URI : /cancelFavouritesDynamic
2021-06-29 18:44:40.250  INFO 1344 --- [http-nio-8888-exec-4] demo.utils.ControllerLogger              : HTTP_METHOD : POST
2021-06-29 18:44:40.250  INFO 1344 --- [http-nio-8888-exec-4] demo.utils.ControllerLogger              : IP : 0:0:0:0:0:0:0:1
2021-06-29 18:44:40.251  INFO 1344 --- [http-nio-8888-exec-4] demo.utils.ControllerLogger              : CLASS_METHOD : demo.controller.DynamicController.cancelFavouritesDynamic
2021-06-29 18:44:40.251  INFO 1344 --- [http-nio-8888-exec-4] demo.utils.ControllerLogger              : ARGS : [1234, org.apache.catalina.connector.RequestFacade@3ea04d4f]
2021-06-29 18:44:40.253 ERROR 1344 --- [http-nio-8888-exec-4] demo.exception.GlobalExceptionHandler    : 没有这条动态
2021-06-29 18:45:08.194  INFO 9176 --- [main] demo.Application                         : Starting Application on DESKTOP-R727CR4 with PID 9176 (started by cf in C:\Users\cf\Desktop\编码\Java\back_end)
2021-06-29 18:45:08.210  INFO 9176 --- [main] demo.Application                         : The following profiles are active: cfdev
2021-06-29 18:45:09.225  INFO 9176 --- [main] trationDelegate$BeanPostProcessorChecker : Bean 'org.springframework.transaction.annotation.ProxyTransactionManagementConfiguration' of type [org.springframework.transaction.annotation.ProxyTransactionManagementConfiguration] is not eligible for getting processed by all BeanPostProcessors (for example: not eligible for auto-proxying)
2021-06-29 18:45:09.475  INFO 9176 --- [main] o.s.b.w.embedded.tomcat.TomcatWebServer  : Tomcat initialized with port(s): 8888 (http)
2021-06-29 18:45:09.475  INFO 9176 --- [main] o.apache.catalina.core.StandardService   : Starting service [Tomcat]
2021-06-29 18:45:09.475  INFO 9176 --- [main] org.apache.catalina.core.StandardEngine  : Starting Servlet engine: [Apache Tomcat/9.0.29]
2021-06-29 18:45:09.537  INFO 9176 --- [main] o.a.c.c.C.[Tomcat].[localhost].[/]       : Initializing Spring embedded WebApplicationContext
2021-06-29 18:45:09.537  INFO 9176 --- [main] o.s.web.context.ContextLoader            : Root WebApplicationContext: initialization completed in 1265 ms
2021-06-29 18:45:10.365  WARN 9176 --- [main] c.b.m.core.metadata.TableInfoHelper      : Warn: Could not find @TableId in Class: demo.domain.UserLikesDynamic.
2021-06-29 18:45:10.381  WARN 9176 --- [main] c.b.m.core.metadata.TableInfoHelper      : Warn: Could not find @TableId in Class: demo.domain.UserCollectDynamic.
2021-06-29 18:45:10.412  WARN 9176 --- [main] c.b.m.core.metadata.TableInfoHelper      : Warn: Could not find @TableId in Class: demo.domain.UserLikesGame.
2021-06-29 18:45:10.678  INFO 9176 --- [main] pertySourcedRequestMappingHandlerMapping : Mapped URL path [/v2/api-docs] onto method [springfox.documentation.swagger2.web.Swagger2Controller#getDocumentation(String, HttpServletRequest)]
2021-06-29 18:45:10.756  INFO 9176 --- [main] o.s.s.concurrent.ThreadPoolTaskExecutor  : Initializing ExecutorService 'applicationTaskExecutor'
2021-06-29 18:45:10.928  INFO 9176 --- [main] d.s.w.p.DocumentationPluginsBootstrapper : Context refreshed
2021-06-29 18:45:10.943  INFO 9176 --- [main] d.s.w.p.DocumentationPluginsBootstrapper : Found 1 custom documentation plugin(s)
2021-06-29 18:45:10.974  INFO 9176 --- [main] s.d.s.w.s.ApiListingReferenceScanner     : Scanning for api listing references
2021-06-29 18:45:11.178  INFO 9176 --- [main] o.s.b.w.embedded.tomcat.TomcatWebServer  : Tomcat started on port(s): 8888 (http) with context path ''
2021-06-29 18:45:11.178  INFO 9176 --- [main] demo.Application                         : Started Application in 3.363 seconds (JVM running for 4.08)
2021-06-29 18:45:16.424  INFO 9176 --- [http-nio-8888-exec-1] o.a.c.c.C.[Tomcat].[localhost].[/]       : Initializing Spring DispatcherServlet 'dispatcherServlet'
2021-06-29 18:45:16.424  INFO 9176 --- [http-nio-8888-exec-1] o.s.web.servlet.DispatcherServlet        : Initializing Servlet 'dispatcherServlet'
2021-06-29 18:45:16.431  INFO 9176 --- [http-nio-8888-exec-1] o.s.web.servlet.DispatcherServlet        : Completed initialization in 6 ms
2021-06-29 18:45:22.988  INFO 9176 --- [http-nio-8888-exec-5] demo.utils.ControllerLogger              : ===========================================
2021-06-29 18:45:22.989  INFO 9176 --- [http-nio-8888-exec-5] demo.utils.ControllerLogger              : URI : /userLogin
2021-06-29 18:45:22.989  INFO 9176 --- [http-nio-8888-exec-5] demo.utils.ControllerLogger              : HTTP_METHOD : POST
2021-06-29 18:45:22.989  INFO 9176 --- [http-nio-8888-exec-5] demo.utils.ControllerLogger              : IP : 0:0:0:0:0:0:0:1
2021-06-29 18:45:22.991  INFO 9176 --- [http-nio-8888-exec-5] demo.utils.ControllerLogger              : CLASS_METHOD : demo.controller.UserController.userLogin
2021-06-29 18:45:22.992  INFO 9176 --- [http-nio-8888-exec-5] demo.utils.ControllerLogger              : ARGS : [cf, 123, org.apache.catalina.connector.RequestFacade@5ace599b]
2021-06-29 18:45:23.013  INFO 9176 --- [http-nio-8888-exec-5] com.zaxxer.hikari.HikariDataSource       : HikariPool-1 - Starting...
2021-06-29 18:45:23.532  INFO 9176 --- [http-nio-8888-exec-5] com.zaxxer.hikari.HikariDataSource       : HikariPool-1 - Start completed.
2021-06-29 18:45:28.609  INFO 9176 --- [http-nio-8888-exec-10] demo.utils.ControllerLogger              : ===========================================
2021-06-29 18:45:28.609  INFO 9176 --- [http-nio-8888-exec-10] demo.utils.ControllerLogger              : URI : /cancelFavouritesDynamic
2021-06-29 18:45:28.609  INFO 9176 --- [http-nio-8888-exec-10] demo.utils.ControllerLogger              : HTTP_METHOD : POST
2021-06-29 18:45:28.609  INFO 9176 --- [http-nio-8888-exec-10] demo.utils.ControllerLogger              : IP : 0:0:0:0:0:0:0:1
2021-06-29 18:45:28.609  INFO 9176 --- [http-nio-8888-exec-10] demo.utils.ControllerLogger              : CLASS_METHOD : demo.controller.DynamicController.cancelFavouritesDynamic
2021-06-29 18:45:28.609  INFO 9176 --- [http-nio-8888-exec-10] demo.utils.ControllerLogger              : ARGS : [123, org.apache.catalina.connector.RequestFacade@5ace599b]
2021-06-29 18:45:28.654 ERROR 9176 --- [http-nio-8888-exec-10] demo.exception.GlobalExceptionHandler    : 没有收藏
2021-06-29 18:45:31.243  INFO 9176 --- [http-nio-8888-exec-1] demo.utils.ControllerLogger              : ===========================================
2021-06-29 18:45:31.244  INFO 9176 --- [http-nio-8888-exec-1] demo.utils.ControllerLogger              : URI : /cancelFavouritesDynamic
2021-06-29 18:45:31.244  INFO 9176 --- [http-nio-8888-exec-1] demo.utils.ControllerLogger              : HTTP_METHOD : POST
2021-06-29 18:45:31.244  INFO 9176 --- [http-nio-8888-exec-1] demo.utils.ControllerLogger              : IP : 0:0:0:0:0:0:0:1
2021-06-29 18:45:31.244  INFO 9176 --- [http-nio-8888-exec-1] demo.utils.ControllerLogger              : CLASS_METHOD : demo.controller.DynamicController.cancelFavouritesDynamic
2021-06-29 18:45:31.244  INFO 9176 --- [http-nio-8888-exec-1] demo.utils.ControllerLogger              : ARGS : [1234, org.apache.catalina.connector.RequestFacade@5ace599b]
2021-06-29 18:45:35.128  INFO 9176 --- [http-nio-8888-exec-2] demo.utils.ControllerLogger              : ===========================================
2021-06-29 18:45:35.128  INFO 9176 --- [http-nio-8888-exec-2] demo.utils.ControllerLogger              : URI : /cancelFavouritesDynamic
2021-06-29 18:45:35.128  INFO 9176 --- [http-nio-8888-exec-2] demo.utils.ControllerLogger              : HTTP_METHOD : POST
2021-06-29 18:45:35.128  INFO 9176 --- [http-nio-8888-exec-2] demo.utils.ControllerLogger              : IP : 0:0:0:0:0:0:0:1
2021-06-29 18:45:35.128  INFO 9176 --- [http-nio-8888-exec-2] demo.utils.ControllerLogger              : CLASS_METHOD : demo.controller.DynamicController.cancelFavouritesDynamic
2021-06-29 18:45:35.128  INFO 9176 --- [http-nio-8888-exec-2] demo.utils.ControllerLogger              : ARGS : [1234, org.apache.catalina.connector.RequestFacade@5ace599b]
2021-06-29 18:45:35.132 ERROR 9176 --- [http-nio-8888-exec-2] demo.exception.GlobalExceptionHandler    : 没有收藏
2021-06-29 18:45:42.295  INFO 9176 --- [http-nio-8888-exec-3] demo.utils.ControllerLogger              : ===========================================
2021-06-29 18:45:42.295  INFO 9176 --- [http-nio-8888-exec-3] demo.utils.ControllerLogger              : URI : /favouritesDynamic
2021-06-29 18:45:42.295  INFO 9176 --- [http-nio-8888-exec-3] demo.utils.ControllerLogger              : HTTP_METHOD : POST
2021-06-29 18:45:42.295  INFO 9176 --- [http-nio-8888-exec-3] demo.utils.ControllerLogger              : IP : 0:0:0:0:0:0:0:1
2021-06-29 18:45:42.295  INFO 9176 --- [http-nio-8888-exec-3] demo.utils.ControllerLogger              : CLASS_METHOD : demo.controller.DynamicController.favouritesDynamic
2021-06-29 18:45:42.295  INFO 9176 --- [http-nio-8888-exec-3] demo.utils.ControllerLogger              : ARGS : [1234, org.apache.catalina.connector.RequestFacade@5ace599b]
2021-06-29 18:45:50.154  INFO 9176 --- [http-nio-8888-exec-8] demo.utils.ControllerLogger              : ===========================================
2021-06-29 18:45:50.155  INFO 9176 --- [http-nio-8888-exec-8] demo.utils.ControllerLogger              : URI : /getAllDynamic
2021-06-29 18:45:50.155  INFO 9176 --- [http-nio-8888-exec-8] demo.utils.ControllerLogger              : HTTP_METHOD : GET
2021-06-29 18:45:50.155  INFO 9176 --- [http-nio-8888-exec-8] demo.utils.ControllerLogger              : IP : 0:0:0:0:0:0:0:1
2021-06-29 18:45:50.155  INFO 9176 --- [http-nio-8888-exec-8] demo.utils.ControllerLogger              : CLASS_METHOD : demo.controller.DynamicController.getAllDynamic
2021-06-29 18:45:50.155  INFO 9176 --- [http-nio-8888-exec-8] demo.utils.ControllerLogger              : ARGS : [org.apache.catalina.connector.RequestFacade@5ace599b]
2021-06-29 18:46:42.995  INFO 9176 --- [http-nio-8888-exec-7] demo.utils.ControllerLogger              : ===========================================
2021-06-29 18:46:42.995  INFO 9176 --- [http-nio-8888-exec-7] demo.utils.ControllerLogger              : URI : /getAllDynamic
2021-06-29 18:46:42.995  INFO 9176 --- [http-nio-8888-exec-7] demo.utils.ControllerLogger              : HTTP_METHOD : GET
2021-06-29 18:46:42.996  INFO 9176 --- [http-nio-8888-exec-7] demo.utils.ControllerLogger              : IP : 0:0:0:0:0:0:0:1
2021-06-29 18:46:42.996  INFO 9176 --- [http-nio-8888-exec-7] demo.utils.ControllerLogger              : CLASS_METHOD : demo.controller.DynamicController.getAllDynamic
2021-06-29 18:46:42.996  INFO 9176 --- [http-nio-8888-exec-7] demo.utils.ControllerLogger              : ARGS : [org.apache.catalina.connector.RequestFacade@5ace599b]
2021-06-29 18:47:16.478  INFO 9176 --- [http-nio-8888-exec-9] demo.utils.ControllerLogger              : ===========================================
2021-06-29 18:47:16.478  INFO 9176 --- [http-nio-8888-exec-9] demo.utils.ControllerLogger              : URI : /getUserDynamic
2021-06-29 18:47:16.479  INFO 9176 --- [http-nio-8888-exec-9] demo.utils.ControllerLogger              : HTTP_METHOD : GET
2021-06-29 18:47:16.479  INFO 9176 --- [http-nio-8888-exec-9] demo.utils.ControllerLogger              : IP : 0:0:0:0:0:0:0:1
2021-06-29 18:47:16.479  INFO 9176 --- [http-nio-8888-exec-9] demo.utils.ControllerLogger              : CLASS_METHOD : demo.controller.DynamicController.getUserDynamic
2021-06-29 18:47:16.479  INFO 9176 --- [http-nio-8888-exec-9] demo.utils.ControllerLogger              : ARGS : [org.apache.catalina.connector.RequestFacade@5ace599b]
2021-06-29 18:47:29.467  INFO 9176 --- [http-nio-8888-exec-6] demo.utils.ControllerLogger              : ===========================================
2021-06-29 18:47:29.467  INFO 9176 --- [http-nio-8888-exec-6] demo.utils.ControllerLogger              : URI : /userLogin
2021-06-29 18:47:29.467  INFO 9176 --- [http-nio-8888-exec-6] demo.utils.ControllerLogger              : HTTP_METHOD : POST
2021-06-29 18:47:29.467  INFO 9176 --- [http-nio-8888-exec-6] demo.utils.ControllerLogger              : IP : 0:0:0:0:0:0:0:1
2021-06-29 18:47:29.467  INFO 9176 --- [http-nio-8888-exec-6] demo.utils.ControllerLogger              : CLASS_METHOD : demo.controller.UserController.userLogin
2021-06-29 18:47:29.467  INFO 9176 --- [http-nio-8888-exec-6] demo.utils.ControllerLogger              : ARGS : [cf1, 123, org.apache.catalina.connector.RequestFacade@5ace599b]
2021-06-29 18:47:31.826  INFO 9176 --- [http-nio-8888-exec-5] demo.utils.ControllerLogger              : ===========================================
2021-06-29 18:47:31.827  INFO 9176 --- [http-nio-8888-exec-5] demo.utils.ControllerLogger              : URI : /getUserDynamic
2021-06-29 18:47:31.827  INFO 9176 --- [http-nio-8888-exec-5] demo.utils.ControllerLogger              : HTTP_METHOD : GET
2021-06-29 18:47:31.827  INFO 9176 --- [http-nio-8888-exec-5] demo.utils.ControllerLogger              : IP : 0:0:0:0:0:0:0:1
2021-06-29 18:47:31.827  INFO 9176 --- [http-nio-8888-exec-5] demo.utils.ControllerLogger              : CLASS_METHOD : demo.controller.DynamicController.getUserDynamic
2021-06-29 18:47:31.827  INFO 9176 --- [http-nio-8888-exec-5] demo.utils.ControllerLogger              : ARGS : [org.apache.catalina.connector.RequestFacade@5ace599b]
2021-06-29 18:47:37.854  INFO 9176 --- [http-nio-8888-exec-10] demo.utils.ControllerLogger              : ===========================================
2021-06-29 18:47:37.854  INFO 9176 --- [http-nio-8888-exec-10] demo.utils.ControllerLogger              : URI : /getAllDynamic
2021-06-29 18:47:37.854  INFO 9176 --- [http-nio-8888-exec-10] demo.utils.ControllerLogger              : HTTP_METHOD : GET
2021-06-29 18:47:37.854  INFO 9176 --- [http-nio-8888-exec-10] demo.utils.ControllerLogger              : IP : 0:0:0:0:0:0:0:1
2021-06-29 18:47:37.854  INFO 9176 --- [http-nio-8888-exec-10] demo.utils.ControllerLogger              : CLASS_METHOD : demo.controller.DynamicController.getAllDynamic
2021-06-29 18:47:37.854  INFO 9176 --- [http-nio-8888-exec-10] demo.utils.ControllerLogger              : ARGS : [org.apache.catalina.connector.RequestFacade@5ace599b]
2021-06-29 18:49:02.545  INFO 9176 --- [http-nio-8888-exec-2] demo.utils.ControllerLogger              : ===========================================
2021-06-29 18:49:02.545  INFO 9176 --- [http-nio-8888-exec-2] demo.utils.ControllerLogger              : URI : /favouritesDynamic
2021-06-29 18:49:02.546  INFO 9176 --- [http-nio-8888-exec-2] demo.utils.ControllerLogger              : HTTP_METHOD : POST
2021-06-29 18:49:02.546  INFO 9176 --- [http-nio-8888-exec-2] demo.utils.ControllerLogger              : IP : 0:0:0:0:0:0:0:1
2021-06-29 18:49:02.546  INFO 9176 --- [http-nio-8888-exec-2] demo.utils.ControllerLogger              : CLASS_METHOD : demo.controller.DynamicController.favouritesDynamic
2021-06-29 18:49:02.546  INFO 9176 --- [http-nio-8888-exec-2] demo.utils.ControllerLogger              : ARGS : [123, org.apache.catalina.connector.RequestFacade@5ace599b]
2021-06-29 18:49:06.473  INFO 9176 --- [http-nio-8888-exec-3] demo.utils.ControllerLogger              : ===========================================
2021-06-29 18:49:06.473  INFO 9176 --- [http-nio-8888-exec-3] demo.utils.ControllerLogger              : URI : /getAllDynamic
2021-06-29 18:49:06.473  INFO 9176 --- [http-nio-8888-exec-3] demo.utils.ControllerLogger              : HTTP_METHOD : GET
2021-06-29 18:49:06.474  INFO 9176 --- [http-nio-8888-exec-3] demo.utils.ControllerLogger              : IP : 0:0:0:0:0:0:0:1
2021-06-29 18:49:06.474  INFO 9176 --- [http-nio-8888-exec-3] demo.utils.ControllerLogger              : CLASS_METHOD : demo.controller.DynamicController.getAllDynamic
2021-06-29 18:49:06.474  INFO 9176 --- [http-nio-8888-exec-3] demo.utils.ControllerLogger              : ARGS : [org.apache.catalina.connector.RequestFacade@5ace599b]
